  [1m[36m (10.5ms)[0m  [1mCREATE TABLE "schema_migrations" ("version" varchar(255) NOT NULL) [0m
  [1m[35m (0.1ms)[0m  select sqlite_version(*)
  [1m[36m (8.8ms)[0m  [1mCREATE UNIQUE INDEX "unique_schema_migrations" ON "schema_migrations" ("version")[0m
  [1m[35mActiveRecord::SchemaMigration Load (0.1ms)[0m  SELECT "schema_migrations".* FROM "schema_migrations"
Migrating to CreateStudents (20141005211951)
  [1m[36m (0.1ms)[0m  [1mbegin transaction[0m
  [1m[35m (0.4ms)[0m  CREATE TABLE "students" ("id" INTEGER PRIMARY KEY AUTOINCREMENT NOT NULL, "username" varchar(255), "password" varchar(255), "created_at" datetime, "updated_at" datetime) 
  [1m[36mSQL (0.1ms)[0m  [1mINSERT INTO "schema_migrations" ("version") VALUES (?)[0m  [["version", "20141005211951"]]
  [1m[35m (9.8ms)[0m  commit transaction
Migrating to CreateSchedules (20141005212015)
  [1m[36m (0.1ms)[0m  [1mbegin transaction[0m
  [1m[35m (0.6ms)[0m  CREATE TABLE "schedules" ("id" INTEGER PRIMARY KEY AUTOINCREMENT NOT NULL, "name" varchar(255), "created_at" datetime, "updated_at" datetime) 
  [1m[36mSQL (0.3ms)[0m  [1mINSERT INTO "schema_migrations" ("version") VALUES (?)[0m  [["version", "20141005212015"]]
  [1m[35m (9.4ms)[0m  commit transaction
Migrating to CreateCourses (20141005212053)
  [1m[36m (0.1ms)[0m  [1mbegin transaction[0m
  [1m[35m (0.3ms)[0m  CREATE TABLE "courses" ("id" INTEGER PRIMARY KEY AUTOINCREMENT NOT NULL, "name" varchar(255), "created_at" datetime, "updated_at" datetime) 
  [1m[36mSQL (0.1ms)[0m  [1mINSERT INTO "schema_migrations" ("version") VALUES (?)[0m  [["version", "20141005212053"]]
  [1m[35m (9.6ms)[0m  commit transaction
Migrating to CreateRequirements (20141005212106)
  [1m[36m (0.1ms)[0m  [1mbegin transaction[0m
  [1m[35m (0.3ms)[0m  CREATE TABLE "requirements" ("id" INTEGER PRIMARY KEY AUTOINCREMENT NOT NULL, "name" varchar(255), "created_at" datetime, "updated_at" datetime) 
  [1m[36mSQL (0.1ms)[0m  [1mINSERT INTO "schema_migrations" ("version") VALUES (?)[0m  [["version", "20141005212106"]]
  [1m[35m (9.5ms)[0m  commit transaction
Migrating to CreateMajors (20141005212114)
  [1m[36m (0.1ms)[0m  [1mbegin transaction[0m
  [1m[35m (0.5ms)[0m  CREATE TABLE "majors" ("id" INTEGER PRIMARY KEY AUTOINCREMENT NOT NULL, "name" varchar(255), "created_at" datetime, "updated_at" datetime) 
  [1m[36mSQL (0.2ms)[0m  [1mINSERT INTO "schema_migrations" ("version") VALUES (?)[0m  [["version", "20141005212114"]]
  [1m[35m (12.2ms)[0m  commit transaction
  [1m[36mActiveRecord::SchemaMigration Load (0.1ms)[0m  [1mSELECT "schema_migrations".* FROM "schema_migrations"[0m
  [1m[36mActiveRecord::SchemaMigration Load (0.1ms)[0m  [1mSELECT "schema_migrations".* FROM "schema_migrations"[0m
Migrating to CreateJoinTableStudentSchedule (20141005223342)
  [1m[35m (0.0ms)[0m  begin transaction
  [1m[36m (0.3ms)[0m  [1mCREATE TABLE "schedules_students" ("student_id" integer NOT NULL, "schedule_id" integer NOT NULL) [0m
  [1m[35m (0.1ms)[0m  select sqlite_version(*)
  [1m[36m (0.1ms)[0m  [1mCREATE  INDEX "index_schedules_students_on_student_id_and_schedule_id" ON "schedules_students" ("student_id", "schedule_id")[0m
  [1m[35m (0.7ms)[0m              SELECT sql
            FROM sqlite_master
            WHERE name='index_schedules_students_on_student_id_and_schedule_id' AND type='index'
            UNION ALL
            SELECT sql
            FROM sqlite_temp_master
            WHERE name='index_schedules_students_on_student_id_and_schedule_id' AND type='index'

  [1m[36m (0.1ms)[0m  [1mCREATE  INDEX "index_schedules_students_on_schedule_id_and_student_id" ON "schedules_students" ("schedule_id", "student_id")[0m
  [1m[35mSQL (0.1ms)[0m  INSERT INTO "schema_migrations" ("version") VALUES (?)  [["version", "20141005223342"]]
  [1m[36m (9.2ms)[0m  [1mcommit transaction[0m
  [1m[35mActiveRecord::SchemaMigration Load (0.1ms)[0m  SELECT "schema_migrations".* FROM "schema_migrations"
  [1m[36m (0.2ms)[0m  [1m            SELECT sql
            FROM sqlite_master
            WHERE name='index_schedules_students_on_schedule_id_and_student_id' AND type='index'
            UNION ALL
            SELECT sql
            FROM sqlite_temp_master
            WHERE name='index_schedules_students_on_schedule_id_and_student_id' AND type='index'
[0m
  [1m[35m (0.2ms)[0m              SELECT sql
            FROM sqlite_master
            WHERE name='index_schedules_students_on_student_id_and_schedule_id' AND type='index'
            UNION ALL
            SELECT sql
            FROM sqlite_temp_master
            WHERE name='index_schedules_students_on_student_id_and_schedule_id' AND type='index'

  [1m[36m (13.7ms)[0m  [1mCREATE TABLE "courses" ("id" INTEGER PRIMARY KEY AUTOINCREMENT NOT NULL, "name" varchar(255), "created_at" datetime, "updated_at" datetime) [0m
  [1m[35m (14.4ms)[0m  CREATE TABLE "majors" ("id" INTEGER PRIMARY KEY AUTOINCREMENT NOT NULL, "name" varchar(255), "created_at" datetime, "updated_at" datetime) 
  [1m[36m (15.9ms)[0m  [1mCREATE TABLE "requirements" ("id" INTEGER PRIMARY KEY AUTOINCREMENT NOT NULL, "name" varchar(255), "created_at" datetime, "updated_at" datetime) [0m
  [1m[35m (15.2ms)[0m  CREATE TABLE "schedules" ("id" INTEGER PRIMARY KEY AUTOINCREMENT NOT NULL, "name" varchar(255), "created_at" datetime, "updated_at" datetime) 
  [1m[36m (15.0ms)[0m  [1mCREATE TABLE "schedules_students" ("student_id" integer NOT NULL, "schedule_id" integer NOT NULL) [0m
  [1m[35m (0.3ms)[0m  select sqlite_version(*)
  [1m[36m (12.7ms)[0m  [1mCREATE  INDEX "index_schedules_students_on_schedule_id_and_student_id" ON "schedules_students" ("schedule_id", "student_id")[0m
  [1m[35m (0.2ms)[0m              SELECT sql
            FROM sqlite_master
            WHERE name='index_schedules_students_on_schedule_id_and_student_id' AND type='index'
            UNION ALL
            SELECT sql
            FROM sqlite_temp_master
            WHERE name='index_schedules_students_on_schedule_id_and_student_id' AND type='index'

  [1m[36m (14.1ms)[0m  [1mCREATE  INDEX "index_schedules_students_on_student_id_and_schedule_id" ON "schedules_students" ("student_id", "schedule_id")[0m
  [1m[35m (15.4ms)[0m  CREATE TABLE "students" ("id" INTEGER PRIMARY KEY AUTOINCREMENT NOT NULL, "username" varchar(255), "password" varchar(255), "created_at" datetime, "updated_at" datetime) 
  [1m[36m (16.1ms)[0m  [1mCREATE TABLE "schema_migrations" ("version" varchar(255) NOT NULL) [0m
  [1m[35m (15.4ms)[0m  CREATE UNIQUE INDEX "unique_schema_migrations" ON "schema_migrations" ("version")
  [1m[36m (0.3ms)[0m  [1mSELECT version FROM "schema_migrations"[0m
  [1m[35m (15.7ms)[0m  INSERT INTO "schema_migrations" (version) VALUES ('20141005223342')
  [1m[36m (18.5ms)[0m  [1mINSERT INTO "schema_migrations" (version) VALUES ('20141005212053')[0m
  [1m[35m (14.7ms)[0m  INSERT INTO "schema_migrations" (version) VALUES ('20141005211951')
  [1m[36m (15.1ms)[0m  [1mINSERT INTO "schema_migrations" (version) VALUES ('20141005212015')[0m
  [1m[35m (15.0ms)[0m  INSERT INTO "schema_migrations" (version) VALUES ('20141005212106')
  [1m[36m (11.2ms)[0m  [1mINSERT INTO "schema_migrations" (version) VALUES ('20141005212114')[0m
  [1m[35mActiveRecord::SchemaMigration Load (0.1ms)[0m  SELECT "schema_migrations".* FROM "schema_migrations"
  [1m[36m (10.1ms)[0m  [1mCREATE TABLE "courses" ("id" INTEGER PRIMARY KEY AUTOINCREMENT NOT NULL, "name" varchar(255), "created_at" datetime, "updated_at" datetime) [0m
  [1m[35m (7.3ms)[0m  CREATE TABLE "majors" ("id" INTEGER PRIMARY KEY AUTOINCREMENT NOT NULL, "name" varchar(255), "created_at" datetime, "updated_at" datetime) 
  [1m[36m (9.2ms)[0m  [1mCREATE TABLE "requirements" ("id" INTEGER PRIMARY KEY AUTOINCREMENT NOT NULL, "name" varchar(255), "created_at" datetime, "updated_at" datetime) [0m
  [1m[35m (9.3ms)[0m  CREATE TABLE "schedules" ("id" INTEGER PRIMARY KEY AUTOINCREMENT NOT NULL, "name" varchar(255), "created_at" datetime, "updated_at" datetime) 
  [1m[36m (8.2ms)[0m  [1mCREATE TABLE "schedules_students" ("student_id" integer NOT NULL, "schedule_id" integer NOT NULL) [0m
  [1m[35m (0.1ms)[0m  select sqlite_version(*)
  [1m[36m (7.9ms)[0m  [1mCREATE  INDEX "index_schedules_students_on_schedule_id_and_student_id" ON "schedules_students" ("schedule_id", "student_id")[0m
  [1m[35m (0.2ms)[0m              SELECT sql
            FROM sqlite_master
            WHERE name='index_schedules_students_on_schedule_id_and_student_id' AND type='index'
            UNION ALL
            SELECT sql
            FROM sqlite_temp_master
            WHERE name='index_schedules_students_on_schedule_id_and_student_id' AND type='index'

  [1m[36m (9.8ms)[0m  [1mCREATE  INDEX "index_schedules_students_on_student_id_and_schedule_id" ON "schedules_students" ("student_id", "schedule_id")[0m
  [1m[35m (12.7ms)[0m  CREATE TABLE "students" ("id" INTEGER PRIMARY KEY AUTOINCREMENT NOT NULL, "username" varchar(255), "password" varchar(255), "created_at" datetime, "updated_at" datetime) 
  [1m[36m (10.4ms)[0m  [1mCREATE TABLE "schema_migrations" ("version" varchar(255) NOT NULL) [0m
  [1m[35m (10.6ms)[0m  CREATE UNIQUE INDEX "unique_schema_migrations" ON "schema_migrations" ("version")
  [1m[36m (0.1ms)[0m  [1mSELECT version FROM "schema_migrations"[0m
  [1m[35m (9.8ms)[0m  INSERT INTO "schema_migrations" (version) VALUES ('20141005223342')
  [1m[36m (9.5ms)[0m  [1mINSERT INTO "schema_migrations" (version) VALUES ('20141005212053')[0m
  [1m[35m (9.6ms)[0m  INSERT INTO "schema_migrations" (version) VALUES ('20141005211951')
  [1m[36m (9.4ms)[0m  [1mINSERT INTO "schema_migrations" (version) VALUES ('20141005212015')[0m
  [1m[35m (9.8ms)[0m  INSERT INTO "schema_migrations" (version) VALUES ('20141005212106')
  [1m[36m (9.8ms)[0m  [1mINSERT INTO "schema_migrations" (version) VALUES ('20141005212114')[0m
  [1m[35mActiveRecord::SchemaMigration Load (0.3ms)[0m  SELECT "schema_migrations".* FROM "schema_migrations"
  [1m[36m (10.6ms)[0m  [1mCREATE TABLE "schema_migrations" ("version" varchar(255) NOT NULL) [0m
  [1m[35m (0.2ms)[0m  select sqlite_version(*)
  [1m[36m (9.8ms)[0m  [1mCREATE UNIQUE INDEX "unique_schema_migrations" ON "schema_migrations" ("version")[0m
  [1m[35mActiveRecord::SchemaMigration Load (0.1ms)[0m  SELECT "schema_migrations".* FROM "schema_migrations"
Migrating to CreateStudents (20141005211951)
  [1m[36m (0.0ms)[0m  [1mbegin transaction[0m
  [1m[35m (0.3ms)[0m  CREATE TABLE "students" ("id" INTEGER PRIMARY KEY AUTOINCREMENT NOT NULL, "username" varchar(255), "password" varchar(255), "created_at" datetime, "updated_at" datetime) 
  [1m[36mSQL (0.2ms)[0m  [1mINSERT INTO "schema_migrations" ("version") VALUES (?)[0m  [["version", "20141005211951"]]
  [1m[35m (9.2ms)[0m  commit transaction
Migrating to CreateSchedules (20141005212015)
  [1m[36m (0.1ms)[0m  [1mbegin transaction[0m
  [1m[35m (0.2ms)[0m  CREATE TABLE "schedules" ("id" INTEGER PRIMARY KEY AUTOINCREMENT NOT NULL, "name" varchar(255), "student_id" integer, "created_at" datetime, "updated_at" datetime) 
  [1m[36mSQL (0.1ms)[0m  [1mINSERT INTO "schema_migrations" ("version") VALUES (?)[0m  [["version", "20141005212015"]]
  [1m[35m (9.3ms)[0m  commit transaction
Migrating to CreateCourses (20141005212053)
  [1m[36m (0.1ms)[0m  [1mbegin transaction[0m
  [1m[35m (0.3ms)[0m  CREATE TABLE "courses" ("id" INTEGER PRIMARY KEY AUTOINCREMENT NOT NULL, "name" varchar(255), "created_at" datetime, "updated_at" datetime) 
  [1m[36mSQL (0.2ms)[0m  [1mINSERT INTO "schema_migrations" ("version") VALUES (?)[0m  [["version", "20141005212053"]]
  [1m[35m (9.5ms)[0m  commit transaction
Migrating to CreateRequirements (20141005212106)
  [1m[36m (0.1ms)[0m  [1mbegin transaction[0m
  [1m[35m (0.6ms)[0m  CREATE TABLE "requirements" ("id" INTEGER PRIMARY KEY AUTOINCREMENT NOT NULL, "name" varchar(255), "created_at" datetime, "updated_at" datetime) 
  [1m[36mSQL (0.2ms)[0m  [1mINSERT INTO "schema_migrations" ("version") VALUES (?)[0m  [["version", "20141005212106"]]
  [1m[35m (9.7ms)[0m  commit transaction
Migrating to CreateMajors (20141005212114)
  [1m[36m (0.1ms)[0m  [1mbegin transaction[0m
  [1m[35m (0.5ms)[0m  CREATE TABLE "majors" ("id" INTEGER PRIMARY KEY AUTOINCREMENT NOT NULL, "name" varchar(255), "created_at" datetime, "updated_at" datetime) 
  [1m[36mSQL (0.2ms)[0m  [1mINSERT INTO "schema_migrations" ("version") VALUES (?)[0m  [["version", "20141005212114"]]
  [1m[35m (8.0ms)[0m  commit transaction
Migrating to CreateJoinTableStudentSchedule (20141005223342)
  [1m[36m (0.1ms)[0m  [1mbegin transaction[0m
  [1m[35m (0.4ms)[0m  CREATE TABLE "schedules_students" ("student_id" integer NOT NULL, "schedule_id" integer NOT NULL) 
  [1m[36m (0.2ms)[0m  [1mCREATE  INDEX "index_schedules_students_on_student_id_and_schedule_id" ON "schedules_students" ("student_id", "schedule_id")[0m
  [1m[35m (0.2ms)[0m              SELECT sql
            FROM sqlite_master
            WHERE name='index_schedules_students_on_student_id_and_schedule_id' AND type='index'
            UNION ALL
            SELECT sql
            FROM sqlite_temp_master
            WHERE name='index_schedules_students_on_student_id_and_schedule_id' AND type='index'

  [1m[36m (0.4ms)[0m  [1mCREATE  INDEX "index_schedules_students_on_schedule_id_and_student_id" ON "schedules_students" ("schedule_id", "student_id")[0m
  [1m[35mSQL (0.4ms)[0m  INSERT INTO "schema_migrations" ("version") VALUES (?)  [["version", "20141005223342"]]
  [1m[36m (9.8ms)[0m  [1mcommit transaction[0m
  [1m[35mActiveRecord::SchemaMigration Load (0.1ms)[0m  SELECT "schema_migrations".* FROM "schema_migrations"
  [1m[36m (0.1ms)[0m  [1m            SELECT sql
            FROM sqlite_master
            WHERE name='index_schedules_students_on_schedule_id_and_student_id' AND type='index'
            UNION ALL
            SELECT sql
            FROM sqlite_temp_master
            WHERE name='index_schedules_students_on_schedule_id_and_student_id' AND type='index'
[0m
  [1m[35m (0.1ms)[0m              SELECT sql
            FROM sqlite_master
            WHERE name='index_schedules_students_on_student_id_and_schedule_id' AND type='index'
            UNION ALL
            SELECT sql
            FROM sqlite_temp_master
            WHERE name='index_schedules_students_on_student_id_and_schedule_id' AND type='index'

  [1m[36mStudent Load (2.2ms)[0m  [1mSELECT "students".* FROM "students"[0m
  [1m[35m (0.1ms)[0m  begin transaction
  [1m[36mSQL (1.1ms)[0m  [1mINSERT INTO "students" ("created_at", "password", "updated_at", "username") VALUES (?, ?, ?, ?)[0m  [["created_at", "2014-10-06 00:25:36.181703"], ["password", "password"], ["updated_at", "2014-10-06 00:25:36.181703"], ["username", "Justin"]]
  [1m[35m (10.1ms)[0m  commit transaction
  [1m[36mStudent Load (0.2ms)[0m  [1mSELECT "students".* FROM "students"[0m
  [1m[35m (0.1ms)[0m  begin transaction
  [1m[36mSQL (0.2ms)[0m  [1mINSERT INTO "schedules" ("created_at", "name", "student_id", "updated_at") VALUES (?, ?, ?, ?)[0m  [["created_at", "2014-10-06 00:25:49.678025"], ["name", "test_schedule"], ["student_id", 1], ["updated_at", "2014-10-06 00:25:49.678025"]]
  [1m[35m (11.9ms)[0m  commit transaction
  [1m[36mSchedule Load (0.5ms)[0m  [1mSELECT "schedules".* FROM "schedules"[0m
  [1m[35mStudent Load (0.9ms)[0m  SELECT "students".* FROM "students"
  [1m[36m (0.1ms)[0m  [1mbegin transaction[0m
  [1m[35mSQL (0.2ms)[0m  INSERT INTO "schedules" ("created_at", "name", "student_id", "updated_at") VALUES (?, ?, ?, ?)  [["created_at", "2014-10-06 00:29:17.283562"], ["name", "test"], ["student_id", 1], ["updated_at", "2014-10-06 00:29:17.283562"]]
  [1m[36m (9.4ms)[0m  [1mcommit transaction[0m
  [1m[35mSchedule Load (0.3ms)[0m  SELECT "schedules".* FROM "schedules"  WHERE "schedules"."student_id" = ?  [["student_id", 1]]
  [1m[36m (0.2ms)[0m  [1mbegin transaction[0m
  [1m[35mSQL (0.6ms)[0m  INSERT INTO "students" ("created_at", "password", "updated_at", "username") VALUES (?, ?, ?, ?)  [["created_at", "2014-10-06 00:32:29.773809"], ["password", "password"], ["updated_at", "2014-10-06 00:32:29.773809"], ["username", "Justin"]]
  [1m[36m (11.3ms)[0m  [1mcommit transaction[0m
  [1m[35m (0.2ms)[0m  begin transaction
  [1m[36mSQL (0.5ms)[0m  [1mINSERT INTO "schedules" ("created_at", "name", "student_id", "updated_at") VALUES (?, ?, ?, ?)[0m  [["created_at", "2014-10-06 00:32:51.943152"], ["name", "test_schedule"], ["student_id", 2], ["updated_at", "2014-10-06 00:32:51.943152"]]
  [1m[35m (10.8ms)[0m  commit transaction
  [1m[36mStudent Load (0.4ms)[0m  [1mSELECT "students".* FROM "students"[0m
  [1m[35mSchedule Load (0.1ms)[0m  SELECT "schedules".* FROM "schedules"  WHERE "schedules"."student_id" = ?  [["student_id", 2]]
  [1m[36mActiveRecord::SchemaMigration Load (0.1ms)[0m  [1mSELECT "schema_migrations".* FROM "schema_migrations"[0m
Migrating to CreateJoinTableScheduleCourse (20141006004642)
  [1m[35m (0.0ms)[0m  begin transaction
  [1m[36m (0.3ms)[0m  [1mCREATE TABLE "courses_schedules" ("schedule_id" integer NOT NULL, "course_id" integer NOT NULL) [0m
  [1m[35m (0.0ms)[0m  select sqlite_version(*)
  [1m[36m (0.1ms)[0m  [1mCREATE  INDEX "index_courses_schedules_on_schedule_id_and_course_id" ON "courses_schedules" ("schedule_id", "course_id")[0m
  [1m[35m (0.1ms)[0m              SELECT sql
            FROM sqlite_master
            WHERE name='index_courses_schedules_on_schedule_id_and_course_id' AND type='index'
            UNION ALL
            SELECT sql
            FROM sqlite_temp_master
            WHERE name='index_courses_schedules_on_schedule_id_and_course_id' AND type='index'

  [1m[36m (0.1ms)[0m  [1mCREATE  INDEX "index_courses_schedules_on_course_id_and_schedule_id" ON "courses_schedules" ("course_id", "schedule_id")[0m
  [1m[35mSQL (0.1ms)[0m  INSERT INTO "schema_migrations" ("version") VALUES (?)  [["version", "20141006004642"]]
  [1m[36m (9.9ms)[0m  [1mcommit transaction[0m
  [1m[35mActiveRecord::SchemaMigration Load (0.1ms)[0m  SELECT "schema_migrations".* FROM "schema_migrations"
  [1m[36m (0.1ms)[0m  [1m            SELECT sql
            FROM sqlite_master
            WHERE name='index_courses_schedules_on_course_id_and_schedule_id' AND type='index'
            UNION ALL
            SELECT sql
            FROM sqlite_temp_master
            WHERE name='index_courses_schedules_on_course_id_and_schedule_id' AND type='index'
[0m
  [1m[35m (0.1ms)[0m              SELECT sql
            FROM sqlite_master
            WHERE name='index_courses_schedules_on_schedule_id_and_course_id' AND type='index'
            UNION ALL
            SELECT sql
            FROM sqlite_temp_master
            WHERE name='index_courses_schedules_on_schedule_id_and_course_id' AND type='index'

  [1m[36m (0.1ms)[0m  [1m            SELECT sql
            FROM sqlite_master
            WHERE name='index_schedules_students_on_schedule_id_and_student_id' AND type='index'
            UNION ALL
            SELECT sql
            FROM sqlite_temp_master
            WHERE name='index_schedules_students_on_schedule_id_and_student_id' AND type='index'
[0m
  [1m[35m (0.1ms)[0m              SELECT sql
            FROM sqlite_master
            WHERE name='index_schedules_students_on_student_id_and_schedule_id' AND type='index'
            UNION ALL
            SELECT sql
            FROM sqlite_temp_master
            WHERE name='index_schedules_students_on_student_id_and_schedule_id' AND type='index'

  [1m[36mActiveRecord::SchemaMigration Load (0.1ms)[0m  [1mSELECT "schema_migrations".* FROM "schema_migrations"[0m
Migrating to CreateSchedulescourses (20141006010102)
  [1m[35m (0.0ms)[0m  begin transaction
  [1m[36m (0.3ms)[0m  [1mCREATE TABLE "schedulescourses" ("id" INTEGER PRIMARY KEY AUTOINCREMENT NOT NULL, "schedule_id" integer, "course_id" integer, "created_at" datetime, "updated_at" datetime) [0m
  [1m[35mSQL (0.2ms)[0m  INSERT INTO "schema_migrations" ("version") VALUES (?)  [["version", "20141006010102"]]
  [1m[36m (10.2ms)[0m  [1mcommit transaction[0m
  [1m[35mActiveRecord::SchemaMigration Load (0.2ms)[0m  SELECT "schema_migrations".* FROM "schema_migrations"
  [1m[36m (0.2ms)[0m  [1m            SELECT sql
            FROM sqlite_master
            WHERE name='index_courses_schedules_on_course_id_and_schedule_id' AND type='index'
            UNION ALL
            SELECT sql
            FROM sqlite_temp_master
            WHERE name='index_courses_schedules_on_course_id_and_schedule_id' AND type='index'
[0m
  [1m[35m (0.2ms)[0m              SELECT sql
            FROM sqlite_master
            WHERE name='index_courses_schedules_on_schedule_id_and_course_id' AND type='index'
            UNION ALL
            SELECT sql
            FROM sqlite_temp_master
            WHERE name='index_courses_schedules_on_schedule_id_and_course_id' AND type='index'

  [1m[36m (0.2ms)[0m  [1m            SELECT sql
            FROM sqlite_master
            WHERE name='index_schedules_students_on_schedule_id_and_student_id' AND type='index'
            UNION ALL
            SELECT sql
            FROM sqlite_temp_master
            WHERE name='index_schedules_students_on_schedule_id_and_student_id' AND type='index'
[0m
  [1m[35m (0.2ms)[0m              SELECT sql
            FROM sqlite_master
            WHERE name='index_schedules_students_on_student_id_and_schedule_id' AND type='index'
            UNION ALL
            SELECT sql
            FROM sqlite_temp_master
            WHERE name='index_schedules_students_on_student_id_and_schedule_id' AND type='index'

  [1m[36m (9.9ms)[0m  [1mCREATE TABLE "schema_migrations" ("version" varchar(255) NOT NULL) [0m
  [1m[35m (0.1ms)[0m  select sqlite_version(*)
  [1m[36m (8.7ms)[0m  [1mCREATE UNIQUE INDEX "unique_schema_migrations" ON "schema_migrations" ("version")[0m
  [1m[35mActiveRecord::SchemaMigration Load (0.1ms)[0m  SELECT "schema_migrations".* FROM "schema_migrations"
Migrating to CreateStudents (20141005211951)
  [1m[36m (0.0ms)[0m  [1mbegin transaction[0m
  [1m[35m (0.2ms)[0m  CREATE TABLE "students" ("id" INTEGER PRIMARY KEY AUTOINCREMENT NOT NULL, "username" varchar(255), "password" varchar(255), "created_at" datetime, "updated_at" datetime) 
  [1m[36mSQL (0.1ms)[0m  [1mINSERT INTO "schema_migrations" ("version") VALUES (?)[0m  [["version", "20141005211951"]]
  [1m[35m (9.3ms)[0m  commit transaction
Migrating to CreateSchedules (20141005212015)
  [1m[36m (0.1ms)[0m  [1mbegin transaction[0m
  [1m[35m (0.2ms)[0m  CREATE TABLE "schedules" ("id" INTEGER PRIMARY KEY AUTOINCREMENT NOT NULL, "name" varchar(255), "student_id" integer, "created_at" datetime, "updated_at" datetime) 
  [1m[36mSQL (0.1ms)[0m  [1mINSERT INTO "schema_migrations" ("version") VALUES (?)[0m  [["version", "20141005212015"]]
  [1m[35m (7.6ms)[0m  commit transaction
Migrating to CreateCourses (20141005212053)
  [1m[36m (0.0ms)[0m  [1mbegin transaction[0m
  [1m[35m (0.2ms)[0m  CREATE TABLE "courses" ("id" INTEGER PRIMARY KEY AUTOINCREMENT NOT NULL, "name" varchar(255), "created_at" datetime, "updated_at" datetime) 
  [1m[36mSQL (0.1ms)[0m  [1mINSERT INTO "schema_migrations" ("version") VALUES (?)[0m  [["version", "20141005212053"]]
  [1m[35m (12.9ms)[0m  commit transaction
Migrating to CreateRequirements (20141005212106)
  [1m[36m (0.1ms)[0m  [1mbegin transaction[0m
  [1m[35m (0.2ms)[0m  CREATE TABLE "requirements" ("id" INTEGER PRIMARY KEY AUTOINCREMENT NOT NULL, "name" varchar(255), "created_at" datetime, "updated_at" datetime) 
  [1m[36mSQL (0.1ms)[0m  [1mINSERT INTO "schema_migrations" ("version") VALUES (?)[0m  [["version", "20141005212106"]]
  [1m[35m (8.0ms)[0m  commit transaction
Migrating to CreateMajors (20141005212114)
  [1m[36m (0.0ms)[0m  [1mbegin transaction[0m
  [1m[35m (0.2ms)[0m  CREATE TABLE "majors" ("id" INTEGER PRIMARY KEY AUTOINCREMENT NOT NULL, "name" varchar(255), "created_at" datetime, "updated_at" datetime) 
  [1m[36mSQL (0.1ms)[0m  [1mINSERT INTO "schema_migrations" ("version") VALUES (?)[0m  [["version", "20141005212114"]]
  [1m[35m (9.5ms)[0m  commit transaction
Migrating to CreateJoinTableStudentSchedule (20141005223342)
  [1m[36m (0.0ms)[0m  [1mbegin transaction[0m
  [1m[35m (0.3ms)[0m  CREATE TABLE "schedules_students" ("student_id" integer NOT NULL, "schedule_id" integer NOT NULL) 
  [1m[36m (0.1ms)[0m  [1mCREATE  INDEX "index_schedules_students_on_student_id_and_schedule_id" ON "schedules_students" ("student_id", "schedule_id")[0m
  [1m[35m (0.1ms)[0m              SELECT sql
            FROM sqlite_master
            WHERE name='index_schedules_students_on_student_id_and_schedule_id' AND type='index'
            UNION ALL
            SELECT sql
            FROM sqlite_temp_master
            WHERE name='index_schedules_students_on_student_id_and_schedule_id' AND type='index'

  [1m[36m (0.2ms)[0m  [1mCREATE  INDEX "index_schedules_students_on_schedule_id_and_student_id" ON "schedules_students" ("schedule_id", "student_id")[0m
  [1m[35mSQL (0.1ms)[0m  INSERT INTO "schema_migrations" ("version") VALUES (?)  [["version", "20141005223342"]]
  [1m[36m (9.5ms)[0m  [1mcommit transaction[0m
Migrating to CreateJoinTableScheduleCourse (20141006004642)
  [1m[35m (0.2ms)[0m  begin transaction
  [1m[36m (0.3ms)[0m  [1mCREATE TABLE "courses_schedules" ("schedule_id" integer NOT NULL, "course_id" integer NOT NULL) [0m
  [1m[35m (0.1ms)[0m  CREATE  INDEX "index_courses_schedules_on_schedule_id_and_course_id" ON "courses_schedules" ("schedule_id", "course_id")
  [1m[36m (0.1ms)[0m  [1m            SELECT sql
            FROM sqlite_master
            WHERE name='index_courses_schedules_on_schedule_id_and_course_id' AND type='index'
            UNION ALL
            SELECT sql
            FROM sqlite_temp_master
            WHERE name='index_courses_schedules_on_schedule_id_and_course_id' AND type='index'
[0m
  [1m[35m (0.1ms)[0m  CREATE  INDEX "index_courses_schedules_on_course_id_and_schedule_id" ON "courses_schedules" ("course_id", "schedule_id")
  [1m[36mSQL (0.1ms)[0m  [1mINSERT INTO "schema_migrations" ("version") VALUES (?)[0m  [["version", "20141006004642"]]
  [1m[35m (10.0ms)[0m  commit transaction
Migrating to CreateSchedulescourses (20141006010102)
  [1m[36mActiveRecord::SchemaMigration Load (0.1ms)[0m  [1mSELECT "schema_migrations".* FROM "schema_migrations"[0m
  [1m[35mActiveRecord::SchemaMigration Load (0.1ms)[0m  SELECT "schema_migrations".* FROM "schema_migrations"
  [1m[36m (0.1ms)[0m  [1m            SELECT sql
            FROM sqlite_master
            WHERE name='index_courses_schedules_on_course_id_and_schedule_id' AND type='index'
            UNION ALL
            SELECT sql
            FROM sqlite_temp_master
            WHERE name='index_courses_schedules_on_course_id_and_schedule_id' AND type='index'
[0m
  [1m[35m (0.1ms)[0m              SELECT sql
            FROM sqlite_master
            WHERE name='index_courses_schedules_on_schedule_id_and_course_id' AND type='index'
            UNION ALL
            SELECT sql
            FROM sqlite_temp_master
            WHERE name='index_courses_schedules_on_schedule_id_and_course_id' AND type='index'

  [1m[36m (0.1ms)[0m  [1m            SELECT sql
            FROM sqlite_master
            WHERE name='index_schedules_students_on_schedule_id_and_student_id' AND type='index'
            UNION ALL
            SELECT sql
            FROM sqlite_temp_master
            WHERE name='index_schedules_students_on_schedule_id_and_student_id' AND type='index'
[0m
  [1m[35m (0.1ms)[0m              SELECT sql
            FROM sqlite_master
            WHERE name='index_schedules_students_on_student_id_and_schedule_id' AND type='index'
            UNION ALL
            SELECT sql
            FROM sqlite_temp_master
            WHERE name='index_schedules_students_on_student_id_and_schedule_id' AND type='index'

  [1m[36mStudent Load (2.4ms)[0m  [1mSELECT "students".* FROM "students"[0m
  [1m[35m (0.2ms)[0m  begin transaction
  [1m[36mSQL (0.3ms)[0m  [1mINSERT INTO "students" ("created_at", "updated_at") VALUES (?, ?)[0m  [["created_at", "2014-10-06 01:13:47.314657"], ["updated_at", "2014-10-06 01:13:47.314657"]]
  [1m[35m (9.8ms)[0m  commit transaction
  [1m[36m (9.9ms)[0m  [1mCREATE TABLE "schema_migrations" ("version" varchar(255) NOT NULL) [0m
  [1m[35m (0.1ms)[0m  select sqlite_version(*)
  [1m[36m (9.8ms)[0m  [1mCREATE UNIQUE INDEX "unique_schema_migrations" ON "schema_migrations" ("version")[0m
  [1m[35mActiveRecord::SchemaMigration Load (0.1ms)[0m  SELECT "schema_migrations".* FROM "schema_migrations"
Migrating to CreateStudents (20141005211951)
  [1m[36m (0.0ms)[0m  [1mbegin transaction[0m
  [1m[35m (0.3ms)[0m  CREATE TABLE "students" ("id" INTEGER PRIMARY KEY AUTOINCREMENT NOT NULL, "username" varchar(255), "password" varchar(255), "created_at" datetime, "updated_at" datetime) 
  [1m[36mSQL (0.2ms)[0m  [1mINSERT INTO "schema_migrations" ("version") VALUES (?)[0m  [["version", "20141005211951"]]
  [1m[35m (10.0ms)[0m  commit transaction
Migrating to CreateSchedules (20141005212015)
  [1m[36m (0.1ms)[0m  [1mbegin transaction[0m
  [1m[35m (0.2ms)[0m  CREATE TABLE "schedules" ("id" INTEGER PRIMARY KEY AUTOINCREMENT NOT NULL, "name" varchar(255), "student_id" integer, "created_at" datetime, "updated_at" datetime) 
  [1m[36mSQL (0.1ms)[0m  [1mINSERT INTO "schema_migrations" ("version") VALUES (?)[0m  [["version", "20141005212015"]]
  [1m[35m (10.0ms)[0m  commit transaction
Migrating to CreateCourses (20141005212053)
  [1m[36m (0.2ms)[0m  [1mbegin transaction[0m
  [1m[35m (0.3ms)[0m  CREATE TABLE "courses" ("id" INTEGER PRIMARY KEY AUTOINCREMENT NOT NULL, "name" varchar(255), "created_at" datetime, "updated_at" datetime) 
  [1m[36mSQL (0.1ms)[0m  [1mINSERT INTO "schema_migrations" ("version") VALUES (?)[0m  [["version", "20141005212053"]]
  [1m[35m (9.5ms)[0m  commit transaction
Migrating to CreateRequirements (20141005212106)
  [1m[36m (0.1ms)[0m  [1mbegin transaction[0m
  [1m[35m (0.5ms)[0m  CREATE TABLE "requirements" ("id" INTEGER PRIMARY KEY AUTOINCREMENT NOT NULL, "name" varchar(255), "created_at" datetime, "updated_at" datetime) 
  [1m[36mSQL (0.3ms)[0m  [1mINSERT INTO "schema_migrations" ("version") VALUES (?)[0m  [["version", "20141005212106"]]
  [1m[35m (7.5ms)[0m  commit transaction
Migrating to CreateMajors (20141005212114)
  [1m[36m (0.0ms)[0m  [1mbegin transaction[0m
  [1m[35m (0.2ms)[0m  CREATE TABLE "majors" ("id" INTEGER PRIMARY KEY AUTOINCREMENT NOT NULL, "name" varchar(255), "created_at" datetime, "updated_at" datetime) 
  [1m[36mSQL (0.1ms)[0m  [1mINSERT INTO "schema_migrations" ("version") VALUES (?)[0m  [["version", "20141005212114"]]
  [1m[35m (9.8ms)[0m  commit transaction
Migrating to CreateJoinTableStudentSchedule (20141005223342)
  [1m[36m (0.1ms)[0m  [1mbegin transaction[0m
  [1m[35m (0.3ms)[0m  CREATE TABLE "schedules_students" ("student_id" integer NOT NULL, "schedule_id" integer NOT NULL) 
  [1m[36m (0.1ms)[0m  [1mCREATE  INDEX "index_schedules_students_on_student_id_and_schedule_id" ON "schedules_students" ("student_id", "schedule_id")[0m
  [1m[35m (0.1ms)[0m              SELECT sql
            FROM sqlite_master
            WHERE name='index_schedules_students_on_student_id_and_schedule_id' AND type='index'
            UNION ALL
            SELECT sql
            FROM sqlite_temp_master
            WHERE name='index_schedules_students_on_student_id_and_schedule_id' AND type='index'

  [1m[36m (0.2ms)[0m  [1mCREATE  INDEX "index_schedules_students_on_schedule_id_and_student_id" ON "schedules_students" ("schedule_id", "student_id")[0m
  [1m[35mSQL (0.4ms)[0m  INSERT INTO "schema_migrations" ("version") VALUES (?)  [["version", "20141005223342"]]
  [1m[36m (9.5ms)[0m  [1mcommit transaction[0m
Migrating to CreateJoinTableCourseSchedule (20141006004642)
  [1m[36mActiveRecord::SchemaMigration Load (0.1ms)[0m  [1mSELECT "schema_migrations".* FROM "schema_migrations"[0m
Migrating to CreateJoinTableCourseSchedule (20141006004642)
  [1m[35m (0.1ms)[0m  begin transaction
  [1m[36m (0.3ms)[0m  [1mCREATE TABLE "courses_schedules" ("course_id" integer NOT NULL, "schedule_id" integer NOT NULL) [0m
  [1m[35m (0.0ms)[0m  select sqlite_version(*)
  [1m[36m (0.1ms)[0m  [1mCREATE  INDEX "index_courses_schedules_on_schedule_id_and_course_id" ON "courses_schedules" ("schedule_id", "course_id")[0m
  [1m[35m (0.1ms)[0m              SELECT sql
            FROM sqlite_master
            WHERE name='index_courses_schedules_on_schedule_id_and_course_id' AND type='index'
            UNION ALL
            SELECT sql
            FROM sqlite_temp_master
            WHERE name='index_courses_schedules_on_schedule_id_and_course_id' AND type='index'

  [1m[36m (0.1ms)[0m  [1mCREATE  INDEX "index_courses_schedules_on_course_id_and_schedule_id" ON "courses_schedules" ("course_id", "schedule_id")[0m
  [1m[35mSQL (0.1ms)[0m  INSERT INTO "schema_migrations" ("version") VALUES (?)  [["version", "20141006004642"]]
  [1m[36m (9.5ms)[0m  [1mcommit transaction[0m
  [1m[35mActiveRecord::SchemaMigration Load (0.1ms)[0m  SELECT "schema_migrations".* FROM "schema_migrations"
  [1m[36m (0.1ms)[0m  [1m            SELECT sql
            FROM sqlite_master
            WHERE name='index_courses_schedules_on_course_id_and_schedule_id' AND type='index'
            UNION ALL
            SELECT sql
            FROM sqlite_temp_master
            WHERE name='index_courses_schedules_on_course_id_and_schedule_id' AND type='index'
[0m
  [1m[35m (0.1ms)[0m              SELECT sql
            FROM sqlite_master
            WHERE name='index_courses_schedules_on_schedule_id_and_course_id' AND type='index'
            UNION ALL
            SELECT sql
            FROM sqlite_temp_master
            WHERE name='index_courses_schedules_on_schedule_id_and_course_id' AND type='index'

  [1m[36m (0.1ms)[0m  [1m            SELECT sql
            FROM sqlite_master
            WHERE name='index_schedules_students_on_schedule_id_and_student_id' AND type='index'
            UNION ALL
            SELECT sql
            FROM sqlite_temp_master
            WHERE name='index_schedules_students_on_schedule_id_and_student_id' AND type='index'
[0m
  [1m[35m (0.1ms)[0m              SELECT sql
            FROM sqlite_master
            WHERE name='index_schedules_students_on_student_id_and_schedule_id' AND type='index'
            UNION ALL
            SELECT sql
            FROM sqlite_temp_master
            WHERE name='index_schedules_students_on_student_id_and_schedule_id' AND type='index'

  [1m[36m (17.3ms)[0m  [1mCREATE TABLE "schema_migrations" ("version" varchar(255) NOT NULL) [0m
  [1m[35m (0.1ms)[0m  select sqlite_version(*)
  [1m[36m (13.7ms)[0m  [1mCREATE UNIQUE INDEX "unique_schema_migrations" ON "schema_migrations" ("version")[0m
  [1m[35mActiveRecord::SchemaMigration Load (0.2ms)[0m  SELECT "schema_migrations".* FROM "schema_migrations"
Migrating to CreateStudents (20141005211951)
  [1m[36m (0.1ms)[0m  [1mbegin transaction[0m
  [1m[35m (0.5ms)[0m  CREATE TABLE "students" ("id" INTEGER PRIMARY KEY AUTOINCREMENT NOT NULL, "username" varchar(255), "password" varchar(255), "created_at" datetime, "updated_at" datetime) 
  [1m[36mSQL (0.1ms)[0m  [1mINSERT INTO "schema_migrations" ("version") VALUES (?)[0m  [["version", "20141005211951"]]
  [1m[35m (12.0ms)[0m  commit transaction
Migrating to CreateSchedules (20141005212015)
  [1m[36m (0.0ms)[0m  [1mbegin transaction[0m
  [1m[35m (0.2ms)[0m  CREATE TABLE "schedules" ("id" INTEGER PRIMARY KEY AUTOINCREMENT NOT NULL, "name" varchar(255), "student_id" integer, "created_at" datetime, "updated_at" datetime) 
  [1m[36mSQL (0.1ms)[0m  [1mINSERT INTO "schema_migrations" ("version") VALUES (?)[0m  [["version", "20141005212015"]]
  [1m[35m (9.1ms)[0m  commit transaction
Migrating to CreateCourses (20141005212053)
  [1m[36m (0.2ms)[0m  [1mbegin transaction[0m
  [1m[35m (0.6ms)[0m  CREATE TABLE "courses" ("id" INTEGER PRIMARY KEY AUTOINCREMENT NOT NULL, "name" varchar(255), "created_at" datetime, "updated_at" datetime) 
  [1m[36mSQL (0.2ms)[0m  [1mINSERT INTO "schema_migrations" ("version") VALUES (?)[0m  [["version", "20141005212053"]]
  [1m[35m (9.7ms)[0m  commit transaction
Migrating to CreateRequirements (20141005212106)
  [1m[36m (0.1ms)[0m  [1mbegin transaction[0m
  [1m[35m (0.9ms)[0m  CREATE TABLE "requirements" ("id" INTEGER PRIMARY KEY AUTOINCREMENT NOT NULL, "name" varchar(255), "created_at" datetime, "updated_at" datetime) 
  [1m[36mSQL (0.3ms)[0m  [1mINSERT INTO "schema_migrations" ("version") VALUES (?)[0m  [["version", "20141005212106"]]
  [1m[35m (9.3ms)[0m  commit transaction
Migrating to CreateMajors (20141005212114)
  [1m[36m (0.1ms)[0m  [1mbegin transaction[0m
  [1m[35m (0.2ms)[0m  CREATE TABLE "majors" ("id" INTEGER PRIMARY KEY AUTOINCREMENT NOT NULL, "name" varchar(255), "created_at" datetime, "updated_at" datetime) 
  [1m[36mSQL (0.1ms)[0m  [1mINSERT INTO "schema_migrations" ("version") VALUES (?)[0m  [["version", "20141005212114"]]
  [1m[35m (9.2ms)[0m  commit transaction
Migrating to CreateJoinTableStudentSchedule (20141005223342)
  [1m[36m (0.1ms)[0m  [1mbegin transaction[0m
  [1m[35m (0.3ms)[0m  CREATE TABLE "schedules_students" ("student_id" integer NOT NULL, "schedule_id" integer NOT NULL) 
  [1m[36m (0.1ms)[0m  [1mCREATE  INDEX "index_schedules_students_on_student_id_and_schedule_id" ON "schedules_students" ("student_id", "schedule_id")[0m
  [1m[35m (0.1ms)[0m              SELECT sql
            FROM sqlite_master
            WHERE name='index_schedules_students_on_student_id_and_schedule_id' AND type='index'
            UNION ALL
            SELECT sql
            FROM sqlite_temp_master
            WHERE name='index_schedules_students_on_student_id_and_schedule_id' AND type='index'

  [1m[36m (0.1ms)[0m  [1mCREATE  INDEX "index_schedules_students_on_schedule_id_and_student_id" ON "schedules_students" ("schedule_id", "student_id")[0m
  [1m[35mSQL (0.1ms)[0m  INSERT INTO "schema_migrations" ("version") VALUES (?)  [["version", "20141005223342"]]
  [1m[36m (10.3ms)[0m  [1mcommit transaction[0m
Migrating to CreateJoinTableCourseSchedule (20141006004642)
  [1m[35m (0.1ms)[0m  begin transaction
  [1m[36m (0.3ms)[0m  [1mCREATE TABLE "courses_schedules" ("course_id" integer NOT NULL, "schedule_id" integer NOT NULL) [0m
  [1m[35m (0.1ms)[0m  CREATE  INDEX "index_courses_schedules_on_schedule_id_and_course_id" ON "courses_schedules" ("schedule_id", "course_id")
  [1m[36m (0.1ms)[0m  [1m            SELECT sql
            FROM sqlite_master
            WHERE name='index_courses_schedules_on_schedule_id_and_course_id' AND type='index'
            UNION ALL
            SELECT sql
            FROM sqlite_temp_master
            WHERE name='index_courses_schedules_on_schedule_id_and_course_id' AND type='index'
[0m
  [1m[35m (0.1ms)[0m  CREATE  INDEX "index_courses_schedules_on_course_id_and_schedule_id" ON "courses_schedules" ("course_id", "schedule_id")
  [1m[36mSQL (0.1ms)[0m  [1mINSERT INTO "schema_migrations" ("version") VALUES (?)[0m  [["version", "20141006004642"]]
  [1m[35m (10.4ms)[0m  commit transaction
  [1m[36mActiveRecord::SchemaMigration Load (0.1ms)[0m  [1mSELECT "schema_migrations".* FROM "schema_migrations"[0m
  [1m[35m (0.1ms)[0m              SELECT sql
            FROM sqlite_master
            WHERE name='index_courses_schedules_on_course_id_and_schedule_id' AND type='index'
            UNION ALL
            SELECT sql
            FROM sqlite_temp_master
            WHERE name='index_courses_schedules_on_course_id_and_schedule_id' AND type='index'

  [1m[36m (0.1ms)[0m  [1m            SELECT sql
            FROM sqlite_master
            WHERE name='index_courses_schedules_on_schedule_id_and_course_id' AND type='index'
            UNION ALL
            SELECT sql
            FROM sqlite_temp_master
            WHERE name='index_courses_schedules_on_schedule_id_and_course_id' AND type='index'
[0m
  [1m[35m (0.1ms)[0m              SELECT sql
            FROM sqlite_master
            WHERE name='index_schedules_students_on_schedule_id_and_student_id' AND type='index'
            UNION ALL
            SELECT sql
            FROM sqlite_temp_master
            WHERE name='index_schedules_students_on_schedule_id_and_student_id' AND type='index'

  [1m[36m (0.1ms)[0m  [1m            SELECT sql
            FROM sqlite_master
            WHERE name='index_schedules_students_on_student_id_and_schedule_id' AND type='index'
            UNION ALL
            SELECT sql
            FROM sqlite_temp_master
            WHERE name='index_schedules_students_on_student_id_and_schedule_id' AND type='index'
[0m
  [1m[36m (0.0ms)[0m  [1mbegin transaction[0m
  [1m[35mSQL (0.4ms)[0m  INSERT INTO "students" ("created_at", "updated_at") VALUES (?, ?)  [["created_at", "2014-10-06 01:35:05.447988"], ["updated_at", "2014-10-06 01:35:05.447988"]]
  [1m[36m (10.1ms)[0m  [1mcommit transaction[0m
  [1m[35m (0.0ms)[0m  begin transaction
  [1m[36mSQL (0.2ms)[0m  [1mINSERT INTO "schedules" ("created_at", "student_id", "updated_at") VALUES (?, ?, ?)[0m  [["created_at", "2014-10-06 01:35:15.759742"], ["student_id", 1], ["updated_at", "2014-10-06 01:35:15.759742"]]
  [1m[35m (10.1ms)[0m  commit transaction
  [1m[36m (9.9ms)[0m  [1mCREATE TABLE "schema_migrations" ("version" varchar(255) NOT NULL) [0m
  [1m[35m (0.1ms)[0m  select sqlite_version(*)
  [1m[36m (9.8ms)[0m  [1mCREATE UNIQUE INDEX "unique_schema_migrations" ON "schema_migrations" ("version")[0m
  [1m[35mActiveRecord::SchemaMigration Load (0.1ms)[0m  SELECT "schema_migrations".* FROM "schema_migrations"
Migrating to CreateStudents (20141005211951)
  [1m[36m (0.0ms)[0m  [1mbegin transaction[0m
  [1m[35m (0.3ms)[0m  CREATE TABLE "students" ("id" INTEGER PRIMARY KEY AUTOINCREMENT NOT NULL, "username" varchar(255), "password" varchar(255), "created_at" datetime, "updated_at" datetime) 
  [1m[36mSQL (0.1ms)[0m  [1mINSERT INTO "schema_migrations" ("version") VALUES (?)[0m  [["version", "20141005211951"]]
  [1m[35m (8.9ms)[0m  commit transaction
Migrating to CreateSchedules (20141005212015)
  [1m[36m (0.1ms)[0m  [1mbegin transaction[0m
  [1m[35m (0.2ms)[0m  CREATE TABLE "schedules" ("id" INTEGER PRIMARY KEY AUTOINCREMENT NOT NULL, "name" varchar(255), "student_id" integer, "created_at" datetime, "updated_at" datetime) 
  [1m[36mSQL (0.1ms)[0m  [1mINSERT INTO "schema_migrations" ("version") VALUES (?)[0m  [["version", "20141005212015"]]
  [1m[35m (8.9ms)[0m  commit transaction
Migrating to CreateCourses (20141005212053)
  [1m[36m (0.1ms)[0m  [1mbegin transaction[0m
  [1m[35m (0.2ms)[0m  CREATE TABLE "courses" ("id" INTEGER PRIMARY KEY AUTOINCREMENT NOT NULL, "name" varchar(255), "created_at" datetime, "updated_at" datetime) 
  [1m[36mSQL (0.1ms)[0m  [1mINSERT INTO "schema_migrations" ("version") VALUES (?)[0m  [["version", "20141005212053"]]
  [1m[35m (7.5ms)[0m  commit transaction
Migrating to CreateRequirements (20141005212106)
  [1m[36m (0.1ms)[0m  [1mbegin transaction[0m
  [1m[35m (0.2ms)[0m  CREATE TABLE "requirements" ("id" INTEGER PRIMARY KEY AUTOINCREMENT NOT NULL, "name" varchar(255), "created_at" datetime, "updated_at" datetime) 
  [1m[36mSQL (0.2ms)[0m  [1mINSERT INTO "schema_migrations" ("version") VALUES (?)[0m  [["version", "20141005212106"]]
  [1m[35m (9.3ms)[0m  commit transaction
Migrating to CreateMajors (20141005212114)
  [1m[36m (0.0ms)[0m  [1mbegin transaction[0m
  [1m[35m (0.2ms)[0m  CREATE TABLE "majors" ("id" INTEGER PRIMARY KEY AUTOINCREMENT NOT NULL, "name" varchar(255), "created_at" datetime, "updated_at" datetime) 
  [1m[36mSQL (0.1ms)[0m  [1mINSERT INTO "schema_migrations" ("version") VALUES (?)[0m  [["version", "20141005212114"]]
  [1m[35m (9.3ms)[0m  commit transaction
Migrating to CreateJoinTableStudentSchedule (20141005223342)
  [1m[36m (0.1ms)[0m  [1mbegin transaction[0m
  [1m[35m (0.4ms)[0m  CREATE TABLE "schedules_students" ("student_id" integer NOT NULL, "schedule_id" integer NOT NULL) 
  [1m[36m (0.2ms)[0m  [1mCREATE  INDEX "index_schedules_students_on_student_id_and_schedule_id" ON "schedules_students" ("student_id", "schedule_id")[0m
  [1m[35m (0.1ms)[0m              SELECT sql
            FROM sqlite_master
            WHERE name='index_schedules_students_on_student_id_and_schedule_id' AND type='index'
            UNION ALL
            SELECT sql
            FROM sqlite_temp_master
            WHERE name='index_schedules_students_on_student_id_and_schedule_id' AND type='index'

  [1m[36m (0.2ms)[0m  [1mCREATE  INDEX "index_schedules_students_on_schedule_id_and_student_id" ON "schedules_students" ("schedule_id", "student_id")[0m
  [1m[35mSQL (0.1ms)[0m  INSERT INTO "schema_migrations" ("version") VALUES (?)  [["version", "20141005223342"]]
  [1m[36m (12.8ms)[0m  [1mcommit transaction[0m
Migrating to CreateJoinTableCourseSchedule (20141006004642)
  [1m[35m (0.3ms)[0m  begin transaction
  [1m[36m (0.4ms)[0m  [1mCREATE TABLE "course_schedules" ("course_id" integer NOT NULL, "schedule_id" integer NOT NULL) [0m
  [1m[35m (0.2ms)[0m  CREATE  INDEX "index_course_schedules_on_schedule_id_and_course_id" ON "course_schedules" ("schedule_id", "course_id")
  [1m[36m (0.1ms)[0m  [1m            SELECT sql
            FROM sqlite_master
            WHERE name='index_course_schedules_on_schedule_id_and_course_id' AND type='index'
            UNION ALL
            SELECT sql
            FROM sqlite_temp_master
            WHERE name='index_course_schedules_on_schedule_id_and_course_id' AND type='index'
[0m
  [1m[35m (0.2ms)[0m  CREATE  INDEX "index_course_schedules_on_course_id_and_schedule_id" ON "course_schedules" ("course_id", "schedule_id")
  [1m[36mSQL (0.1ms)[0m  [1mINSERT INTO "schema_migrations" ("version") VALUES (?)[0m  [["version", "20141006004642"]]
  [1m[35m (9.7ms)[0m  commit transaction
  [1m[36mActiveRecord::SchemaMigration Load (0.2ms)[0m  [1mSELECT "schema_migrations".* FROM "schema_migrations"[0m
  [1m[35m (0.2ms)[0m              SELECT sql
            FROM sqlite_master
            WHERE name='index_course_schedules_on_course_id_and_schedule_id' AND type='index'
            UNION ALL
            SELECT sql
            FROM sqlite_temp_master
            WHERE name='index_course_schedules_on_course_id_and_schedule_id' AND type='index'

  [1m[36m (0.2ms)[0m  [1m            SELECT sql
            FROM sqlite_master
            WHERE name='index_course_schedules_on_schedule_id_and_course_id' AND type='index'
            UNION ALL
            SELECT sql
            FROM sqlite_temp_master
            WHERE name='index_course_schedules_on_schedule_id_and_course_id' AND type='index'
[0m
  [1m[35m (0.3ms)[0m              SELECT sql
            FROM sqlite_master
            WHERE name='index_schedules_students_on_schedule_id_and_student_id' AND type='index'
            UNION ALL
            SELECT sql
            FROM sqlite_temp_master
            WHERE name='index_schedules_students_on_schedule_id_and_student_id' AND type='index'

  [1m[36m (0.2ms)[0m  [1m            SELECT sql
            FROM sqlite_master
            WHERE name='index_schedules_students_on_student_id_and_schedule_id' AND type='index'
            UNION ALL
            SELECT sql
            FROM sqlite_temp_master
            WHERE name='index_schedules_students_on_student_id_and_schedule_id' AND type='index'
[0m
  [1m[36mActiveRecord::SchemaMigration Load (0.1ms)[0m  [1mSELECT "schema_migrations".* FROM "schema_migrations"[0m
Migrating to CreateJoinTableMajorStudent (20141006014210)
  [1m[35m (0.0ms)[0m  begin transaction
  [1m[36m (0.3ms)[0m  [1mCREATE TABLE "major_students" ("major_id" integer NOT NULL, "student_id" integer NOT NULL) [0m
  [1m[35m (0.1ms)[0m  select sqlite_version(*)
  [1m[36m (0.2ms)[0m  [1mCREATE  INDEX "index_major_students_on_major_id_and_student_id" ON "major_students" ("major_id", "student_id")[0m
  [1m[35m (0.1ms)[0m              SELECT sql
            FROM sqlite_master
            WHERE name='index_major_students_on_major_id_and_student_id' AND type='index'
            UNION ALL
            SELECT sql
            FROM sqlite_temp_master
            WHERE name='index_major_students_on_major_id_and_student_id' AND type='index'

  [1m[36m (0.1ms)[0m  [1mCREATE  INDEX "index_major_students_on_student_id_and_major_id" ON "major_students" ("student_id", "major_id")[0m
  [1m[35mSQL (0.1ms)[0m  INSERT INTO "schema_migrations" ("version") VALUES (?)  [["version", "20141006014210"]]
  [1m[36m (8.2ms)[0m  [1mcommit transaction[0m
Migrating to CreateMajorStudents (20141006014235)
  [1m[35m (0.1ms)[0m  begin transaction
  [1m[36m (0.8ms)[0m  [1mCREATE TABLE "major_students" ("id" INTEGER PRIMARY KEY AUTOINCREMENT NOT NULL, "created_at" datetime, "updated_at" datetime) [0m
SQLite3::SQLException: table "major_students" already exists: CREATE TABLE "major_students" ("id" INTEGER PRIMARY KEY AUTOINCREMENT NOT NULL, "created_at" datetime, "updated_at" datetime) 
  [1m[35m (0.1ms)[0m  rollback transaction
  [1m[36mActiveRecord::SchemaMigration Load (0.1ms)[0m  [1mSELECT "schema_migrations".* FROM "schema_migrations"[0m
  [1m[35mActiveRecord::SchemaMigration Load (0.1ms)[0m  SELECT "schema_migrations".* FROM "schema_migrations"
  [1m[36m (0.1ms)[0m  [1m            SELECT sql
            FROM sqlite_master
            WHERE name='index_course_schedules_on_course_id_and_schedule_id' AND type='index'
            UNION ALL
            SELECT sql
            FROM sqlite_temp_master
            WHERE name='index_course_schedules_on_course_id_and_schedule_id' AND type='index'
[0m
  [1m[35m (0.1ms)[0m              SELECT sql
            FROM sqlite_master
            WHERE name='index_course_schedules_on_schedule_id_and_course_id' AND type='index'
            UNION ALL
            SELECT sql
            FROM sqlite_temp_master
            WHERE name='index_course_schedules_on_schedule_id_and_course_id' AND type='index'

  [1m[36m (0.1ms)[0m  [1m            SELECT sql
            FROM sqlite_master
            WHERE name='index_major_students_on_student_id_and_major_id' AND type='index'
            UNION ALL
            SELECT sql
            FROM sqlite_temp_master
            WHERE name='index_major_students_on_student_id_and_major_id' AND type='index'
[0m
  [1m[35m (0.1ms)[0m              SELECT sql
            FROM sqlite_master
            WHERE name='index_major_students_on_major_id_and_student_id' AND type='index'
            UNION ALL
            SELECT sql
            FROM sqlite_temp_master
            WHERE name='index_major_students_on_major_id_and_student_id' AND type='index'

  [1m[36m (0.1ms)[0m  [1m            SELECT sql
            FROM sqlite_master
            WHERE name='index_schedules_students_on_schedule_id_and_student_id' AND type='index'
            UNION ALL
            SELECT sql
            FROM sqlite_temp_master
            WHERE name='index_schedules_students_on_schedule_id_and_student_id' AND type='index'
[0m
  [1m[35m (0.1ms)[0m              SELECT sql
            FROM sqlite_master
            WHERE name='index_schedules_students_on_student_id_and_schedule_id' AND type='index'
            UNION ALL
            SELECT sql
            FROM sqlite_temp_master
            WHERE name='index_schedules_students_on_student_id_and_schedule_id' AND type='index'

  [1m[36mActiveRecord::SchemaMigration Load (0.1ms)[0m  [1mSELECT "schema_migrations".* FROM "schema_migrations"[0m
Migrating to CreateMajorRequirements (20141006020711)
  [1m[35m (0.1ms)[0m  begin transaction
  [1m[36m (0.4ms)[0m  [1mCREATE TABLE "major_requirements" ("id" INTEGER PRIMARY KEY AUTOINCREMENT NOT NULL, "created_at" datetime, "updated_at" datetime) [0m
  [1m[35mSQL (0.2ms)[0m  INSERT INTO "schema_migrations" ("version") VALUES (?)  [["version", "20141006020711"]]
  [1m[36m (9.5ms)[0m  [1mcommit transaction[0m
Migrating to CreateJoinTableMajorRequirement (20141006020803)
  [1m[35m (0.1ms)[0m  begin transaction
  [1m[36m (0.7ms)[0m  [1mCREATE TABLE "major_requirements" ("major_id" integer NOT NULL, "requirement_id" integer NOT NULL) [0m
SQLite3::SQLException: table "major_requirements" already exists: CREATE TABLE "major_requirements" ("major_id" integer NOT NULL, "requirement_id" integer NOT NULL) 
  [1m[35m (0.1ms)[0m  rollback transaction
  [1m[36mActiveRecord::SchemaMigration Load (0.1ms)[0m  [1mSELECT "schema_migrations".* FROM "schema_migrations"[0m
Migrating to CreateJoinTableMajorRequirement (20141006020803)
  [1m[35m (0.0ms)[0m  begin transaction
  [1m[36m (0.3ms)[0m  [1mCREATE TABLE "major_requirements" ("major_id" integer NOT NULL, "requirement_id" integer NOT NULL) [0m
SQLite3::SQLException: table "major_requirements" already exists: CREATE TABLE "major_requirements" ("major_id" integer NOT NULL, "requirement_id" integer NOT NULL) 
  [1m[35m (0.0ms)[0m  rollback transaction
